<?xml version="1.0" encoding="UTF-8"?>
<testng-results ignored="5" total="6" passed="1" failed="0" skipped="0">
  <reporter-output>
  </reporter-output>
  <suite started-at="2026-04-13T17:06:18 IST" name="Default suite" finished-at="2026-04-13T17:07:35 IST" duration-ms="76634">
    <groups>
      <group name="field-validation">
        <method signature="RegisterAccountTestCases.verifyRegistrationWithWeakPassword()[pri:6, instance:testCases.RegisterAccountTestCases@141e5bef]" name="verifyRegistrationWithWeakPassword" class="testCases.RegisterAccountTestCases"/>
      </group> <!-- field-validation -->
      <group name="register">
        <method signature="RegisterAccountTestCases.verifyRegistrationWithWeakPassword()[pri:6, instance:testCases.RegisterAccountTestCases@141e5bef]" name="verifyRegistrationWithWeakPassword" class="testCases.RegisterAccountTestCases"/>
      </group> <!-- register -->
    </groups>
    <test started-at="2026-04-13T17:06:18 IST" name="Default test" finished-at="2026-04-13T17:07:35 IST" duration-ms="76634">
      <class name="testCases.RegisterAccountTestCases">
        <test-method is-config="true" signature="setup()[pri:0, instance:testCases.RegisterAccountTestCases@141e5bef]" started-at="2026-04-13T17:06:18 IST" name="setup" finished-at="2026-04-13T17:06:52 IST" duration-ms="33858" status="PASS">
          <reporter-output>
          </reporter-output>
        </test-method> <!-- setup -->
        <test-method is-config="true" signature="setupTest()[pri:0, instance:testCases.RegisterAccountTestCases@141e5bef]" started-at="2026-04-13T17:06:52 IST" name="setupTest" finished-at="2026-04-13T17:07:05 IST" duration-ms="12068" status="PASS">
          <reporter-output>
          </reporter-output>
        </test-method> <!-- setupTest -->
        <test-method signature="verifyRegistrationWithWeakPassword()[pri:6, instance:testCases.RegisterAccountTestCases@141e5bef]" started-at="2026-04-13T17:07:05 IST" name="verifyRegistrationWithWeakPassword" description="Verify registration with short (weak) password" finished-at="2026-04-13T17:07:35 IST" duration-ms="30027" status="PASS">
          <reporter-output>
          </reporter-output>
        </test-method> <!-- verifyRegistrationWithWeakPassword -->
        <test-method is-config="true" signature="quit()[pri:0, instance:testCases.RegisterAccountTestCases@141e5bef]" started-at="2026-04-13T17:07:35 IST" name="quit" finished-at="2026-04-13T17:07:35 IST" duration-ms="555" status="PASS">
          <reporter-output>
          </reporter-output>
        </test-method> <!-- quit -->
      </class> <!-- testCases.RegisterAccountTestCases -->
    </test> <!-- Default test -->
  </suite> <!-- Default suite -->
</testng-results>
