<?xml version="1.0" encoding="UTF-8"?>
<!-- Generated by org.testng.reporters.JUnitXMLReporter -->
<testsuite ignored="0" hostname="DESKTOP-2O0BIIS" failures="0" tests="3" name="Login and Logout Tests" time="0.043" errors="0" timestamp="2026-04-11T09:33:18 IST">
  <testcase classname="testCases.LoginTestCases" name="verifySuccessfulLogin" time="0.0">
    <skipped/>
  </testcase> <!-- verifySuccessfulLogin -->
  <testcase classname="testCases.LoginTestCases" name="verifyLoginWithInvalidCredentials" time="0.0">
    <skipped/>
  </testcase> <!-- verifyLoginWithInvalidCredentials -->
  <testcase classname="testCases.LoginTestCases" name="verifySuccessfulLogout" time="0.0">
    <skipped/>
  </testcase> <!-- verifySuccessfulLogout -->
</testsuite> <!-- Login and Logout Tests -->
