<?xml version="1.0" encoding="UTF-8"?>
<!-- Generated by org.testng.reporters.JUnitXMLReporter -->
<testsuite ignored="5" hostname="DESKTOP-2O0BIIS" failures="0" tests="1" name="Default test" time="76.634" errors="0" timestamp="2026-04-13T17:07:35 IST">
  <testcase classname="testCases.RegisterAccountTestCases" name="verifyRegistrationWithWeakPassword" time="30.027"/>
  <testcase classname="testCases.RegisterAccountTestCases" name="verifyRegistrationWithInvalidEmailFormat" time="0.0">
    <ignored/>
  </testcase> <!-- verifyRegistrationWithInvalidEmailFormat -->
  <testcase classname="testCases.RegisterAccountTestCases" name="verifyRegistrationWithAllFieldsEmpty" time="0.0">
    <ignored/>
  </testcase> <!-- verifyRegistrationWithAllFieldsEmpty -->
  <testcase classname="testCases.RegisterAccountTestCases" name="verifyRegistrationWithoutPrivacyPolicy" time="0.0">
    <ignored/>
  </testcase> <!-- verifyRegistrationWithoutPrivacyPolicy -->
  <testcase classname="testCases.RegisterAccountTestCases" name="verifySuccessfulRegistration" time="0.0">
    <ignored/>
  </testcase> <!-- verifySuccessfulRegistration -->
  <testcase classname="testCases.RegisterAccountTestCases" name="verifyRegistrationWithDuplicateEmail" time="0.0">
    <ignored/>
  </testcase> <!-- verifyRegistrationWithDuplicateEmail -->
</testsuite> <!-- Default test -->
