<?xml version="1.0" encoding="UTF-8"?>
<!-- Generated by org.testng.reporters.JUnitXMLReporter -->
<testsuite ignored="0" hostname="DESKTOP-2O0BIIS" failures="0" tests="3" name="HomePageTests" time="80.18" errors="0" timestamp="2026-04-13T17:01:24 IST">
  <testcase classname="testCases.HomePageTestCases" name="verifyNavigationToRegisterPage" time="14.039"/>
  <testcase classname="testCases.HomePageTestCases" name="verifyNavigationToLoginPage" time="4.599"/>
  <testcase classname="testCases.HomePageTestCases" name="verifyHomePageTitle" time="0.028"/>
</testsuite> <!-- HomePageTests -->
