<?xml version="1.0" encoding="UTF-8"?>
<!-- Generated by org.testng.reporters.JUnitXMLReporter -->
<testsuite ignored="0" hostname="DESKTOP-2O0BIIS" failures="0" tests="9" name="LoginTests" time="79.636" errors="0" timestamp="2026-04-13T17:05:09 IST">
  <testcase classname="testCases.LoginTestCases" name="verifyLoginPageElementsAreVisible" time="4.554"/>
  <testcase classname="testCases.LoginTestCases" name="verifySuccessfulLogin" time="5.829"/>
  <testcase classname="testCases.LoginTestCases" name="verifySuccessfulLogout" time="8.766"/>
  <testcase classname="testCases.LoginTestCases" name="verifyLoginWithInvalidCredentials" time="4.298"/>
  <testcase classname="testCases.LoginTestCases" name="verifyLoginWithWrongPassword" time="3.962"/>
  <testcase classname="testCases.LoginTestCases" name="verifyLoginWithEmptyEmail" time="3.193"/>
  <testcase classname="testCases.LoginTestCases" name="verifyLoginWithEmptyPassword" time="3.995"/>
  <testcase classname="testCases.LoginTestCases" name="verifyLoginWithBothFieldsEmpty" time="4.272"/>
  <testcase classname="testCases.LoginTestCases" name="verifyLoginWithInvalidEmailFormat" time="4.31"/>
</testsuite> <!-- LoginTests -->
