<?xml version="1.0" encoding="UTF-8"?>
<!-- Generated by org.testng.reporters.JUnitXMLReporter -->
<testsuite ignored="0" hostname="DESKTOP-2O0BIIS" failures="2" tests="6" name="RegisterTests" time="145.074" errors="0" timestamp="2026-04-13T17:03:49 IST">
  <testcase classname="testCases.RegisterAccountTestCases" name="verifySuccessfulRegistration" time="43.373"/>
  <testcase classname="testCases.RegisterAccountTestCases" name="verifyRegistrationWithDuplicateEmail" time="5.805"/>
  <testcase classname="testCases.RegisterAccountTestCases" name="verifyRegistrationWithAllFieldsEmpty" time="4.459"/>
  <testcase classname="testCases.RegisterAccountTestCases" name="verifyRegistrationWithInvalidEmailFormat" time="7.385"/>
  <testcase classname="testCases.RegisterAccountTestCases" name="verifyRegistrationWithoutPrivacyPolicy" time="7.014">
    <failure type="java.lang.AssertionError" message="TC-R05 FAILED: Should not register without policy agreement expected [true] but found [false]">
      <![CDATA[java.lang.AssertionError: TC-R05 FAILED: Should not register without policy agreement expected [true] but found [false]
at testCases.RegisterAccountTestCases.verifyRegistrationWithoutPrivacyPolicy(RegisterAccountTestCases.java:112)
at java.base/java.util.ArrayList.forEach(ArrayList.java:1596)
... Removed 28 stack frames]]>
    </failure>
  </testcase> <!-- verifyRegistrationWithoutPrivacyPolicy -->
  <testcase classname="testCases.RegisterAccountTestCases" name="verifyRegistrationWithWeakPassword" time="5.347">
    <failure type="java.lang.AssertionError" message="TC-R06 FAILED: &amp;apos;Password must be between 4 and 20 characters&amp;apos; error not displayed expected [true] but found [false]">
      <![CDATA[java.lang.AssertionError: TC-R06 FAILED: 'Password must be between 4 and 20 characters' error not displayed expected [true] but found [false]
at testCases.RegisterAccountTestCases.verifyRegistrationWithWeakPassword(RegisterAccountTestCases.java:127)
at java.base/java.util.ArrayList.forEach(ArrayList.java:1596)
... Removed 28 stack frames]]>
    </failure>
  </testcase> <!-- verifyRegistrationWithWeakPassword -->
</testsuite> <!-- RegisterTests -->
