<?xml version="1.0" encoding="UTF-8"?>
<!-- Generated by org.testng.reporters.JUnitReportReporter -->
<testsuite hostname="DESKTOP-2O0BIIS" failures="0" tests="3" name="testCases.HomePageTestCases" time="30.229" errors="0" timestamp="2026-04-13T17:05:09 IST" skipped="0">
  <testcase classname="testCases.HomePageTestCases" name="verifyNavigationToRegisterPage" time="16.520"/>
  <testcase classname="testCases.HomePageTestCases" name="verifyNavigationToLoginPage" time="6.649"/>
  <testcase classname="testCases.HomePageTestCases" name="verifyHomePageTitle" time="7.060"/>
</testsuite> <!-- testCases.HomePageTestCases -->
