<?xml version="1.0" encoding="UTF-8"?>
<!-- Generated by org.testng.reporters.JUnitReportReporter -->
<testsuite hostname="DESKTOP-2O0BIIS" failures="0" tests="9" name="testCases.LoginTestCases" time="65.753" errors="0" timestamp="2026-04-13T17:05:09 IST" skipped="0">
  <testcase classname="testCases.LoginTestCases" name="verifyLoginPageElementsAreVisible" time="6.600"/>
  <testcase classname="testCases.LoginTestCases" name="verifySuccessfulLogin" time="8.686"/>
  <testcase classname="testCases.LoginTestCases" name="verifySuccessfulLogout" time="10.796"/>
  <testcase classname="testCases.LoginTestCases" name="verifyLoginWithInvalidCredentials" time="6.657"/>
  <testcase classname="testCases.LoginTestCases" name="verifyLoginWithWrongPassword" time="7.163"/>
  <testcase classname="testCases.LoginTestCases" name="verifyLoginWithEmptyEmail" time="5.395"/>
  <testcase classname="testCases.LoginTestCases" name="verifyLoginWithEmptyPassword" time="6.609"/>
  <testcase classname="testCases.LoginTestCases" name="verifyLoginWithBothFieldsEmpty" time="6.729"/>
  <testcase classname="testCases.LoginTestCases" name="verifyLoginWithInvalidEmailFormat" time="7.118"/>
</testsuite> <!-- testCases.LoginTestCases -->
