<?xml version="1.0" encoding="UTF-8"?>
<!-- Generated by org.testng.reporters.JUnitXMLReporter -->
<testsuite ignored="17" hostname="DESKTOP-2O0BIIS" failures="0" tests="1" name="Happy Flow Execution" time="21.313" errors="0" timestamp="2026-04-13T15:00:10 IST">
  <testcase classname="testCases.RegisterAccountTestCases" name="verifySuccessfulRegistration" time="12.106"/>
  <testcase classname="testCases.RegisterAccountTestCases" name="verifyRegistrationWithWeakPassword" time="0.0">
    <ignored/>
  </testcase> <!-- verifyRegistrationWithWeakPassword -->
  <testcase classname="testCases.LoginTestCases" name="verifyLoginWithInvalidEmailFormat" time="0.0">
    <ignored/>
  </testcase> <!-- verifyLoginWithInvalidEmailFormat -->
  <testcase classname="testCases.LoginTestCases" name="verifySuccessfulLogout" time="0.0">
    <ignored/>
  </testcase> <!-- verifySuccessfulLogout -->
  <testcase classname="testCases.LoginTestCases" name="verifyLoginWithEmptyPassword" time="0.0">
    <ignored/>
  </testcase> <!-- verifyLoginWithEmptyPassword -->
  <testcase classname="testCases.LoginTestCases" name="verifySuccessfulLogin" time="0.0">
    <ignored/>
  </testcase> <!-- verifySuccessfulLogin -->
  <testcase classname="utility.SuiteSetup" name="@AfterTest quit" time="0.0">
    <ignored/>
  </testcase> <!-- @AfterTest quit -->
  <testcase classname="testCases.RegisterAccountTestCases" name="verifyRegistrationWithInvalidEmailFormat" time="0.0">
    <ignored/>
  </testcase> <!-- verifyRegistrationWithInvalidEmailFormat -->
  <testcase classname="testCases.LoginTestCases" name="verifyLoginPageElementsAreVisible" time="0.0">
    <ignored/>
  </testcase> <!-- verifyLoginPageElementsAreVisible -->
  <testcase classname="utility.SuiteSetup" name="@BeforeTest setup" time="0.0">
    <ignored/>
  </testcase> <!-- @BeforeTest setup -->
  <testcase classname="testCases.LoginTestCases" name="verifyLoginWithInvalidCredentials" time="0.0">
    <ignored/>
  </testcase> <!-- verifyLoginWithInvalidCredentials -->
  <testcase classname="testCases.LoginTestCases" name="verifyLoginWithEmptyEmail" time="0.0">
    <ignored/>
  </testcase> <!-- verifyLoginWithEmptyEmail -->
  <testcase classname="testCases.RegisterAccountTestCases" name="verifyRegistrationWithDuplicateEmail" time="0.0">
    <ignored/>
  </testcase> <!-- verifyRegistrationWithDuplicateEmail -->
  <testcase classname="testCases.RegisterAccountTestCases" name="verifyRegistrationWithPasswordMismatch" time="0.0">
    <ignored/>
  </testcase> <!-- verifyRegistrationWithPasswordMismatch -->
  <testcase classname="testCases.RegisterAccountTestCases" name="verifyRegistrationWithoutPrivacyPolicy" time="0.0">
    <ignored/>
  </testcase> <!-- verifyRegistrationWithoutPrivacyPolicy -->
  <testcase classname="testCases.LoginTestCases" name="verifyLoginWithBothFieldsEmpty" time="0.0">
    <ignored/>
  </testcase> <!-- verifyLoginWithBothFieldsEmpty -->
  <testcase classname="testCases.RegisterAccountTestCases" name="verifyRegistrationWithAllFieldsEmpty" time="0.0">
    <ignored/>
  </testcase> <!-- verifyRegistrationWithAllFieldsEmpty -->
  <testcase classname="testCases.LoginTestCases" name="verifyLoginWithWrongPassword" time="0.0">
    <ignored/>
  </testcase> <!-- verifyLoginWithWrongPassword -->
</testsuite> <!-- Happy Flow Execution -->
