<?xml version="1.0" encoding="UTF-8"?>
<!-- Generated by org.testng.reporters.JUnitXMLReporter -->
<testsuite ignored="0" hostname="5905-LAP-0294" failures="1" tests="1" name="firefoxtest" time="3.548" errors="0" timestamp="2026-04-17T10:44:35 IST">
  <testcase classname="testBase.TC001_AccountRegistrationTest" name="verify_account_registration" time="0.023">
    <failure type="java.lang.AssertionError" message="null">
      <![CDATA[java.lang.AssertionError: null
at testBase.TC001_AccountRegistrationTest.verify_account_registration(TC001_AccountRegistrationTest.java:47)
at java.base/java.util.ArrayList.forEach(ArrayList.java:1596)
... Removed 27 stack frames]]>
    </failure>
  </testcase> <!-- verify_account_registration -->
</testsuite> <!-- firefoxtest -->
