<?xml version="1.0" encoding="UTF-8"?>
<!-- Generated by org.testng.reporters.JUnitReportReporter -->
<testsuite hostname="5905-LAP-0294" failures="0" tests="2" name="testBase.TC001_AccountRegistrationTest" time="16.432" errors="0" timestamp="2026-04-17T10:48:07 IST" skipped="0">
  <testcase classname="testBase.TC001_AccountRegistrationTest" name="verify_account_registration" time="7.969"/>
  <testcase classname="testBase.TC001_AccountRegistrationTest" name="verify_account_registration" time="8.463"/>
</testsuite> <!-- testBase.TC001_AccountRegistrationTest -->
