<?xml version="1.0" encoding="UTF-8"?>
<testng-results ignored="0" total="1" passed="1" failed="0" skipped="0">
  <reporter-output>
  </reporter-output>
  <suite started-at="2026-04-16T15:46:48 IST" name="Default suite" finished-at="2026-04-16T15:47:06 IST" duration-ms="18144">
    <groups>
    </groups>
    <test started-at="2026-04-16T15:46:48 IST" name="Default test" finished-at="2026-04-16T15:47:06 IST" duration-ms="18144">
      <class name="testBase.TC001_AccountRegistrationTest">
        <test-method is-config="true" signature="setup()[pri:0, instance:testBase.TC001_AccountRegistrationTest@139982de]" started-at="2026-04-16T15:46:48 IST" name="setup" finished-at="2026-04-16T15:46:58 IST" duration-ms="9822" status="PASS">
          <reporter-output>
          </reporter-output>
        </test-method> <!-- setup -->
        <test-method signature="verify_account_registration()[pri:0, instance:testBase.TC001_AccountRegistrationTest@139982de]" started-at="2026-04-16T15:46:58 IST" name="verify_account_registration" finished-at="2026-04-16T15:47:06 IST" duration-ms="8223" status="PASS">
          <reporter-output>
          </reporter-output>
        </test-method> <!-- verify_account_registration -->
        <test-method is-config="true" signature="randomString()[pri:0, instance:testBase.TC001_AccountRegistrationTest@139982de]" started-at="2026-04-16T15:47:06 IST" name="randomString" finished-at="2026-04-16T15:47:06 IST" duration-ms="2" status="PASS">
          <reporter-output>
          </reporter-output>
        </test-method> <!-- randomString -->
      </class> <!-- testBase.TC001_AccountRegistrationTest -->
    </test> <!-- Default test -->
  </suite> <!-- Default suite -->
</testng-results>
