<?xml version="1.0" encoding="UTF-8"?>
<testng-results ignored="0" total="1" passed="1" failed="0" skipped="0">
  <reporter-output>
  </reporter-output>
  <suite started-at="2026-04-17T15:02:51 IST" name="Suite" finished-at="2026-04-17T15:03:08 IST" duration-ms="16545">
    <groups>
    </groups>
    <test started-at="2026-04-17T15:02:51 IST" name="Test" finished-at="2026-04-17T15:03:08 IST" duration-ms="16545">
      <class name="testCases.TC002_LoginTest">
        <test-method is-config="true" signature="setup(java.lang.String)[pri:0, instance:testCases.TC002_LoginTest@229f66ed]" started-at="2026-04-17T15:02:52 IST" name="setup" finished-at="2026-04-17T15:03:01 IST" duration-ms="9492" status="PASS">
          <params>
            <param index="0">
              <value>
                <![CDATA[chrome]]>
              </value>
            </param>
          </params>
          <reporter-output>
          </reporter-output>
        </test-method> <!-- setup -->
        <test-method signature="verify_successful_login()[pri:0, instance:testCases.TC002_LoginTest@229f66ed]" started-at="2026-04-17T15:03:01 IST" name="verify_successful_login" finished-at="2026-04-17T15:03:08 IST" duration-ms="6973" status="PASS">
          <reporter-output>
          </reporter-output>
        </test-method> <!-- verify_successful_login -->
      </class> <!-- testCases.TC002_LoginTest -->
    </test> <!-- Test -->
  </suite> <!-- Suite -->
</testng-results>
