<?xml version="1.0" encoding="UTF-8"?>
<!-- Generated by org.testng.reporters.JUnitXMLReporter -->
<testsuite ignored="1" hostname="DESKTOP-2O0BIIS" failures="0" tests="3" name="Test" time="26.258" errors="0" timestamp="2026-04-13T10:13:40 IST">
  <testcase classname="testCases.RegisterAccountTestCases" name="verifySuccessfulRegistration" time="11.879"/>
  <testcase classname="testCases.LoginTestCases" name="verifyLoginWithInvalidCredentials" time="3.828"/>
  <testcase classname="testCases.LoginTestCases" name="verifySuccessfulLoginAndLogout" time="7.095"/>
  <testcase classname="utility.SuiteSetup" name="@BeforeSuite setup" time="0.0">
    <ignored/>
  </testcase> <!-- @BeforeSuite setup -->
</testsuite> <!-- Test -->
